Using pre-set license

 COMMAND LINE ARGUMENTS:
/Applications/Unity/Unity.app/Contents/MacOS/Unity
-adb2
-batchMode
-noUpm
-name
AssetImportWorker0
-projectPath
/Users/zrg1511/Documents/work/Personal/LeranProject/XTextGit/XText
-logFile
Logs/AssetImportWorker0.log
-srvPort
59475
Successfully changed project path to: /Users/zrg1511/Documents/work/Personal/LeranProject/XTextGit/XText
/Users/zrg1511/Documents/work/Personal/LeranProject/XTextGit/XText
Using Asset Import Pipeline V2.
Refreshing native plugins compatible for Editor in 21.47 ms, found 1 plugins.
Preloading 0 native plugins for Editor in 0.00 ms.
Initialize engine version: 2020.3.3f1c1 (a34b99c2c582)
[Subsystems] Discovering subsystems at path /Applications/Unity/Unity.app/Contents/Resources/UnitySubsystems
[Subsystems] Discovering subsystems at path /Users/zrg1511/Documents/work/Personal/LeranProject/XTextGit/XText/Assets
GfxDevice: creating device client; threaded=0
2022-01-02 16:10:04.982 Unity[71601:8337347] (null) preferred device: Apple M1 (high power)
2022-01-02 16:10:04.982 Unity[71601:8337347] Metal devices available: 1
2022-01-02 16:10:04.983 Unity[71601:8337347] 0: Apple M1 (high power)
2022-01-02 16:10:04.983 Unity[71601:8337347] Using device Apple M1 (high power)
Initializing Metal device caps: Apple M1
Initialize mono
Mono path[0] = '/Applications/Unity/Unity.app/Contents/Managed'
Mono path[1] = '/Applications/Unity/Unity.app/Contents/MonoBleedingEdge/lib/mono/unityjit'
Mono config path = '/Applications/Unity/Unity.app/Contents/MonoBleedingEdge/etc'
Using monoOptions --debugger-agent=transport=dt_socket,embedding=1,server=y,suspend=n,address=127.0.0.1:56601
Begin MonoManager ReloadAssembly
Registering precompiled unity dll's ...
Register platform support module: /Applications/Unity/Unity.app/Contents/PlaybackEngines/MacStandaloneSupport/UnityEditor.OSXStandalone.Extensions.dll
Registered in 0.000399 seconds.
Native extension for OSXStandalone target not found
Refreshing native plugins compatible for Editor in 21.73 ms, found 1 plugins.
Preloading 0 native plugins for Editor in 0.00 ms.
Invoked RoslynAnalysisRunner static constructor.
RoslynAnalysisRunner will not be running.
RoslynAnalysisRunner has terminated.
Mono: successfully reloaded assembly
- Completed reload, in  1.878 seconds
Platform modules already initialized, skipping
Registering precompiled user dll's ...
Registered in 0.000232 seconds.
Begin MonoManager ReloadAssembly
Native extension for OSXStandalone target not found
Refreshing native plugins compatible for Editor in 0.19 ms, found 1 plugins.
Preloading 0 native plugins for Editor in 0.00 ms.
Invoked RoslynAnalysisRunner static constructor.
RoslynAnalysisRunner will not be running.
RoslynAnalysisRunner has terminated.
Mono: successfully reloaded assembly
- Completed reload, in  1.723 seconds
Platform modules already initialized, skipping
========================================================================
Worker process is ready to serve import requests
Launching external process: /Applications/Unity/Unity.app/Contents/Tools/UnityShaderCompiler
Launched and connected shader compiler UnityShaderCompiler after 0.02 seconds
Refreshing native plugins compatible for Editor in 0.19 ms, found 1 plugins.
Preloading 0 native plugins for Editor in 0.00 ms.
Unloading 1120 Unused Serialized files (Serialized files now loaded: 0)
System memory in use before: 107.9 MB.
System memory in use after: 108.0 MB.

Unloading 10 unused Assets to reduce memory usage. Loaded Objects now: 1562.
Total: 1.242625 ms (FindLiveObjects: 0.125416 ms CreateObjectMapping: 0.023417 ms MarkObjects: 1.018125 ms  DeleteObjects: 0.074959 ms)

========================================================================
Received Import Request.
  path: Assets/Scenes
  artifactKey: Guid(c4ee25f6ca48f417990c369574c100bb) Importer(815301076,1909f56bfc062723c751e8b465ee728b)
Start importing Assets/Scenes using Guid(c4ee25f6ca48f417990c369574c100bb) Importer(815301076,1909f56bfc062723c751e8b465ee728b)  -> (artifact id: '098189dfb58dc07abf22c759fd31f9cd') in 0.007664 seconds
  Import took 0.009437 seconds .

========================================================================
Received Import Request.
  Time since last request: 0.000192 seconds.
  path: Assets/Scenes/SampleScene.unity
  artifactKey: Guid(9fc0d4010bbf28b4594072e72b8655ab) Importer(815301076,1909f56bfc062723c751e8b465ee728b)
Start importing Assets/Scenes/SampleScene.unity using Guid(9fc0d4010bbf28b4594072e72b8655ab) Importer(815301076,1909f56bfc062723c751e8b465ee728b)  -> (artifact id: '1c8c096d022b73a44230a678abbfc187') in 0.012535 seconds
  Import took 0.013965 seconds .

========================================================================
Received Import Request.
  Time since last request: 0.558836 seconds.
  path: Assets/XText/Simple/Simple.unity
  artifactKey: Guid(cd35f500a532847aaae782eb5fa55c65) Importer(815301076,1909f56bfc062723c751e8b465ee728b)
Start importing Assets/XText/Simple/Simple.unity using Guid(cd35f500a532847aaae782eb5fa55c65) Importer(815301076,1909f56bfc062723c751e8b465ee728b)  -> (artifact id: 'fa05a1a6a29cf5e37e420fe57729ad21') in 0.002451 seconds
  Import took 0.005320 seconds .

